corelib$
serial$
serial/datatool$
objects
-objects/.*/test
-objects/.*/demo
-objects/.*/unit_test
cgi$
html$
connect$
connect/ext$
util$
util/compress
util/regexp$
util/cache$
util/unicode_plans$
util/tables$
util/sequtil$
util/creaders$
objmgr$
objmgr/util$
dbapi
-dbapi/cache/.*
-dbapi/driver/.*
-dbapi/lang_bind
-dbapi/test
-dbapi/.*/test
objtools/readers$
objtools/alnmgr$
objtools/readers/seqdb$
objtools/writers/writedb$
objtools/data_loaders/blastdb$
objtools/data_loaders/genbank$
objtools/data_loaders/genbank/readers
objtools/blast_format$
algo/blast
algo/dustmask$
app/blast$
-algo/.*/test
-algo/.*/unit_test
