algo
build-system
cgi
check
connect
corelib
db
dbapi
gui
html
objects
objmgr
objtools
serial
util
misc
internal/sss
internal/ssssrv
internal/variation/alignment_data_set
internal/variation/services
internal/variation/snp/dbsnp2.0
internal/variation/snp/snputils
internal/variation/snp/hgvstest
internal/variation/snp/snphgvs
internal/variation/snp/common
internal/variation/util
internal/objects/ads
internal/aligndb
internal/refgene/refseq_aln_source
internal/asn_cache
internal/trackmgr
internal/gpipe/common$
internal/gpipe/grid_wrapper
internal/mapview/cgi/cgilib
internal/mapview/util
sra
-objtools/snputil
-misc/hgvs/test
