algo/align/nw$
algo/align/splign$
algo/align/util$
algo/blast/api$
algo/blast/core$
algo/blast/dbindex$
algo/gnomon$
algo/phy_tree
algo/seqqa$
algo/sequence$
algo/winmask$
app/project_tree_builder
bdb$
cgi$
connect$
connect/ext$
connect/services$
corelib$
dbapi$
dbapi/cache$
dbapi/cache/admintool$
dbapi/driver$
dbapi/driver/ctlib$
dbapi/driver/dblib$
dbapi/driver/ftds8$
dbapi/driver/msdblib$
dbapi/driver/mysql$
dbapi/driver/odbc$
dbapi/driver/util$
gui
html$
misc/third_party
objects
objmgr$
objmgr/util$
objtools/alnmgr
objtools/data_loaders
objtools/edit
objtools/format
objtools/lds
objtools/manip
objtools/readers
objtools/simple
objtools/validator
objtools/writers
serial$
serial/datatool$
sqlite
util$
util/cache$
util/compress
util/creaders
util/image$
util/regexp$
util/sequtil$
util/tables$
util/unicode_plans$
-gui/core
-gui/gbench
-gui/plugins
-gui/services
