algo
app
bdb
build-system
cgi
connect
corelib
ctools
db
dbapi
hello
html
gui
internal/align_model$
internal/align_model/am2gff3
internal/align_model/loader
internal/algo/align/prosplign
internal/algo/align/splign
internal/algo/align/prosplign
internal/algo/align/pipeline-tools
internal/algo/align/gpipe-wnodes
internal/gnomon
internal/blast
internal/gpipe
internal/gnomon
internal/ID/utils$
internal/blast/DistribDbSupport
internal/gpipe/align_db
misc
objects
objmgr
objtools
serial
util
-^[^a][^l].*/demo
-.*/test
-.*/unit_test
-dbapi/.*/mssamples
-dbapi/.*/samples
-objtools/align
-objtools/asniotest
-objtools/cddalignview
-objtools/data_loaders/genbank/readers/id1/split_cache
-objtools/blast/gene_info_writer
