corelib$
util$
util/regexp$
util/checksum
util/xregexp
util/compress
util/qparse$
util/bitset$ update-only
util/cache$ update-only
util/math$ update-only
connect$
connect/ext$
connect/services
connect/mbedtls
db$
db/bdb$
app$
app/netstorage$
app/netstorage/test$
app/netstorage/utils$
dll
misc$
misc/third_party
misc/third_party_static
misc/netstorage
dbapi$
dbapi/driver$
dbapi/driver/impl$
dbapi/driver/util$
dbapi/driver/odbc/unix_odbc$ update-only
dbapi/driver/ctlib$
dbapi/driver/ftds100
-dbapi/driver/ftds100/ctlib/samples
dbapi/driver/ftds-default
dbapi/simple$
