corelib$
util$
util/sequtil$
util/compress$
util/tables$
serial$
connect$
objects/general$
objects/biblio$
objects/medline$
objects/pub$
objects/seqcode$
objects/seq$
objects/seqset$
objects/seqsplit$
objects/id2$
objects/id1$
objects/blastdb$
objects/scoremat$
objects/blast$
objmgr$
objmgr/util$
dbapi/driver$
objtools/readers$
objtools/data_loaders/genbank/readers/pubseqos$
objtools/data_loaders/genbank/readers/cache$
objtools/data_loaders/genbank/readers/id2$
objtools/data_loaders/genbank/readers/id1$
objtools/data_loaders/genbank$
objtools/readers/seqdb$
algo/blast/api$
algo/dustmask$
app/dustmasker$
