./include/corelib/impl$
./include/common$
./include/util$
corelib$
connect$
connect/ext
connect/daemons$
connect/daemons/mod$
internal/webenv2 update-only
app$
app/dblb
dbapi$
dbapi/driver$
dbapi/driver/impl$
dbapi/driver/util$ update-only
dbapi/driver/odbc/unix_odbc$ update-only
dbapi/driver/ctlib$
dbapi/driver/ftds64$
dbapi/driver/ftds64/impl$
dbapi/driver/ftds64/freetds
dbapi/driver/ftds64/ctlib$
dbapi/driver/ftds95$
dbapi/driver/ftds95/freetds$
dbapi/driver/ftds95/freetds/freetds update-only
dbapi/driver/ftds95/freetds/replacements update-only
dbapi/driver/ftds95/freetds/tds$
dbapi/driver/ftds95/freetds/ctlib$
dbapi/driver/ftds95/ctlib$
dbapi/driver/ftds95/impl update-only
dbapi/driver/ftds95/freetds/replacements$
dbapi/driver/ftds-default
dbapi/simple$

