corelib$
util$
util/regexp$
util/compress
util/qparse$
util/bitset$ update-only
util/cache$ update-only
util/math$ update-only
connect$
connect/ext$
connect/services
connect/mbedtls
db$
db/bdb$
app$
app/netstorage$
app/netstorage/utils$
dll
misc$
misc/third_party
misc/third_party_static
misc/netstorage
dbapi$
dbapi/driver$
dbapi/driver/impl$
dbapi/driver/util$
dbapi/driver/odbc/unix_odbc$ update-only
dbapi/driver/ctlib$
dbapi/driver/ftds95$
dbapi/driver/ftds95/freetds$
dbapi/driver/ftds95/freetds/freetds update-only
dbapi/driver/ftds95/freetds/replacements update-only
dbapi/driver/ftds95/freetds/tds$
dbapi/driver/ftds95/freetds/ctlib$
dbapi/driver/ftds95/ctlib$
dbapi/driver/ftds95/impl update-only
dbapi/driver/ftds95/freetds/replacements$
dbapi/driver/ftds-default
dbapi/simple$
