corelib$
util$
util/bitset$
util/math$
util/sequtil$
connect$
connect/ext$
serial$
serial/datatool$
serial/impl$ update-only
dbapi$
dbapi/driver$
dbapi/driver/ctlib$
dbapi/driver/ftds$ update-only
dbapi/driver/ftds64$
dbapi/driver/ftds64/freetds
dbapi/driver/ftds64/ctlib$
dbapi/driver/impl$ update-only
dbapi/driver/util$ update-only
dbapi/driver/odbc/unix_odbc$
objects$
objects/biblio$
objects/general$
objects/id[12]$
objects/medline$
objects/pub$
objects/seq.*
internal$
internal/cppcore$
internal/cppcore/os_gateway
