corelib$
corelib/impl
corelib/hash_impl$
connect$
connect/ext$
connect/impl$ update-only
connect/mbedtls
connect/services
-connect/services/test
db
dbapi
-db/bdb

check
dll
misc$
misc/xmlwrapp
misc/third_party
misc/third_party_static
misc/jsonwrapp$
misc/jsonwrapp/rapidjson11

app$
app/pubseq_gateway$
app/pubseq_gateway/server$
app/pubseq_gateway/server/test$
app/pubseq_gateway/server/test/frozen_db_cache$
app/pubseq_gateway/server/test/ssl$
app/pubseq_gateway/server/test/input$
app/pubseq_gateway/server/integrationsmoketest$
app/pubseq_gateway/server/integrationsmoketest/input$
app/pubseq_gateway/server/integrationsmoketest/baseline$
app/pubseq_gateway/client$

objtools$
objtools/pubseq_gateway$
objtools/pubseq_gateway/cassandra
objtools/pubseq_gateway/client
objtools/pubseq_gateway/impl
objtools/pubseq_gateway/cache
objtools/pubseq_gateway/protobuf
objtools/pubseq_gateway/ipg
objtools/pubseq_gateway/myncbi
objtools/cdd
objtools/readers/sra
objtools/logging
objtools/readers$ update-only
objtools/data_loaders$
objtools/data_loaders/cdd$
objtools/data_loaders/cdd/cdd_access

#define LST_COMMENT_1   pubseq_gateway/client requires a few objects/...
objects$
objects/biblio$
objects/featdef$
objects/gbseq$
objects/general$
objects/genomecoll$
objects/id1$
objects/id2$
objects/medlars$
objects/medline$
objects/mla$
objects/misc$ update-only
objects/objprt$
objects/pub$
objects/pubmed$
objects/seq
-objects/seq/test
-objects/seq/unit_test
objects/seqalign
objects/seqblock
objects/seqcode
objects/seqedit
objects/seqfeat
objects/seqloc
objects/seqres
objects/seqset
-objects/seqset/test
objects/seqsplit
objects/seqtable
-objects/seqtable/test
objects/submit$
objects/taxon3$
objects/valid$
objects/variation$
objects/dbsnp
-objects/dbsnp/primary_track/test

serial$
serial/datatool$
serial/impl$ update-only
serial/grpc_integration
util$
util/bitset$
util/cache$
util/sequtil$
util/xregexp
util/regexp$
util/regexp/testdata$
util/compress
util/checksum
util/lmdbxx

cgi
-cgi/demo
-cgi/test

sra$
sra/readers$
sra/readers/sra
-sra/readers/sra/test

objmgr
-objmgr/test
-objmgr/split
-objmgr/util

html$

