# $Id: ignore.lst,v 1.3 2002/06/25 19:56:26 lavr Exp $
#
# List of pairs "test/signature" that will not be checked
#
#    test      - the path in form <src_dir/test_name>
#    signature - OS/compiler signature without machine name (from Makefile.mk)
#
###########################################################################

; Corelib

corelib/test/test_ncbidll   KCC_400-Release--i686-pc-linux-gnuaout
corelib/test/test_ncbidll   KCC_400-Debug--i686-pc-linux-gnuaout
corelib/test/test_ncbidll   ICC_500-Debug--i686-pc-linux-gnu
corelib/test/test_ncbidll   ICC_500-Release--i686-pc-linux-gnu
corelib/test/test_ncbiexec  ICC_500-Debug--i686-pc-linux-gnu
corelib/test/test_ncbiexec  ICC_500-Release--i686-pc-linux-gnu
corelib/test/test_ncbipipe  ICC_500-Debug--i686-pc-linux-gnu
corelib/test/test_ncbipipe  ICC_500-Release--i686-pc-linux-gnu

; Connect

connect/test/test_ncbi_http_connector  GCC_295-Release--alphaev67-dec-osf5.1
connect/test/test_ncbi_conn_stream     GCC_295-Release--alphaev67-dec-osf5.1
connect/test/test_conn_stream_pushback GCC_295-Release--alphaev67-dec-osf5.1

; Other
