corelib$
db$
db/sqlite
serial$
serial/impl$
serial/datatool
serial/grpc_integration
algo$
algo/blast$
algo/blast/api
algo/blast/core
algo/blast/blastinput
algo/blast/composition_adjustment
algo/blast/dbindex
algo/blast/format
algo/blast/unit_tests
algo/blast/proteinkmer
-algo/blast/proteinkmer/demo
algo/blast/igblast
algo/dustmask$
algo/winmask$
algo/segmask$
algo/blast/blastinput/unit_test
-algo/blast/blastinput/demo
objects
cgi$
cgi/impl$
html$
connect$
connect/mbedtls
connect/services
-connect/services/test
connect/ext$
util$
util/tables$
util/creaders$
util/checksum
util/compress$
util/compress/bzip2$
util/compress/zlib$
util/compress/api
util/regexp
util/xregexp
util/sequtil$
util/bitset$
util/math$
util/cache$
util/impl$
util/lmdb$
util/lmdbxx$
util/profile$
objtools$
objtools/alnmgr$
objtools/readers$
objtools/logging$
objtools/seqmasks_io$
objtools/blast$
objtools/blast/seqdb_reader
objtools/blast/gene_info_reader
objtools/blast/services
objtools/blast/blastdb_format
objtools/blast/seqdb_writer
objtools/cleanup$
objtools/edit$
objtools/eutils$
objtools/eutils/api$
objtools/format$
objtools/format/items$
objtools/align_format
objtools/pubseq_gateway$
objtools/pubseq_gateway/client
dbapi$
dbapi/driver$
dbapi/driver/impl$
dbapi/driver/odbc$
dbapi/driver/odbc/unix_odbc$
dbapi/driver/util$ update-only
objmgr
-objmgr/test
-objmgr/util/unit_test
objtools/data_loaders/genbank
-objtools/data_loaders/genbank/test
objtools/data_loaders$
objtools/data_loaders/blastdb$
app$
app/blast
app/blastdb
app/winmasker$
app/dustmasker$
app/segmasker$
objtools/simple$
-objects/.*/test
-objects/.*/demo
-objects/.*/unit_test
misc$
misc/jsonwrapp
misc/third_party
misc/third_party_static
